<?xml version="1.0" encoding="UTF-8"?>
<!-- Generated by org.testng.reporters.JUnitXMLReporter -->
<testsuite hostname="DESKTOP-OAPCJLL" name="free crm testcases" tests="10" failures="0" timestamp="10 May 2019 02:05:23 GMT" time="174.194" errors="0">
  <testcase name="loginpagetitletest" time="0.007" classname="com.crm.qa.testcases.Loginpagetest"/>
  <testcase name="crmlogotest" time="0.063" classname="com.crm.qa.testcases.Loginpagetest"/>
  <testcase name="loginpagetest" time="8.264" classname="com.crm.qa.testcases.Loginpagetest"/>
  <testcase name="usernamelabletest" time="0.785" classname="com.crm.qa.testcases.Homepagetest"/>
  <testcase name="contactslinktest" time="0.93" classname="com.crm.qa.testcases.Homepagetest"/>
  <testcase name="contactslabletest" time="0.021" classname="com.crm.qa.testcases.Contactspagetest"/>
  <testcase name="selectcontactbynametest" time="0.061" classname="com.crm.qa.testcases.Contactspagetest"/>
  <testcase name="validatecreatenewcontact" time="2.8" classname="com.crm.qa.testcases.Contactspagetest"/>
  <testcase name="validatecreatenewcontact" time="2.341" classname="com.crm.qa.testcases.Contactspagetest"/>
  <testcase name="validatecreatenewcontact" time="2.706" classname="com.crm.qa.testcases.Contactspagetest"/>
</testsuite> <!-- free crm testcases -->
