<?xml version="1.0" encoding="UTF-8"?>
<!-- Generated by org.testng.reporters.JUnitXMLReporter -->
<testsuite hostname="DESKTOP-OAPCJLL" name="Default test" tests="5" failures="0" timestamp="20 Apr 2019 04:09:28 GMT" time="76.298" errors="0">
  <testcase name="contactslabletest" time="0.029" classname="com.crm.qa.testcases.Contactspagetest"/>
  <testcase name="selectcontactbynametest" time="0.08" classname="com.crm.qa.testcases.Contactspagetest"/>
  <testcase name="validatecreatenewcontact" time="1.921" classname="com.crm.qa.testcases.Contactspagetest"/>
  <testcase name="validatecreatenewcontact" time="1.893" classname="com.crm.qa.testcases.Contactspagetest"/>
  <testcase name="validatecreatenewcontact" time="1.876" classname="com.crm.qa.testcases.Contactspagetest"/>
</testsuite> <!-- Default test -->
